Performing C SOURCE FILE Test CMAKE_HAVE_LIBC_PTHREAD failed with the following output:
Change Dir: /home/cheshir/Документы/Параллельные вычисления/lab5/cmake-build-debug/CMakeFiles/CMakeTmp

Run Build Command(s):/usr/bin/make cmTC_be07a/fast && /usr/bin/make  -f CMakeFiles/cmTC_be07a.dir/build.make CMakeFiles/cmTC_be07a.dir/build
make[1]: вход в каталог «/home/cheshir/Документы/Параллельные вычисления/lab5/cmake-build-debug/CMakeFiles/CMakeTmp»
Building C object CMakeFiles/cmTC_be07a.dir/src.c.o
/usr/bin/cc   -DCMAKE_HAVE_LIBC_PTHREAD   -std=gnu11 -o CMakeFiles/cmTC_be07a.dir/src.c.o   -c "/home/cheshir/Документы/Параллельные вычисления/lab5/cmake-build-debug/CMakeFiles/CMakeTmp/src.c"
Linking C executable cmTC_be07a
/snap/clion/137/bin/cmake/linux/bin/cmake -E cmake_link_script CMakeFiles/cmTC_be07a.dir/link.txt --verbose=1
/usr/bin/cc  -DCMAKE_HAVE_LIBC_PTHREAD    CMakeFiles/cmTC_be07a.dir/src.c.o  -o cmTC_be07a 
/usr/bin/ld: CMakeFiles/cmTC_be07a.dir/src.c.o: в функции «main»:
src.c:(.text+0x46): неопределённая ссылка на «pthread_create»
/usr/bin/ld: src.c:(.text+0x52): неопределённая ссылка на «pthread_detach»
/usr/bin/ld: src.c:(.text+0x5e): неопределённая ссылка на «pthread_cancel»
/usr/bin/ld: src.c:(.text+0x6f): неопределённая ссылка на «pthread_join»
collect2: error: ld returned 1 exit status
make[1]: *** [CMakeFiles/cmTC_be07a.dir/build.make:107: cmTC_be07a] Ошибка 1
make[1]: выход из каталога «/home/cheshir/Документы/Параллельные вычисления/lab5/cmake-build-debug/CMakeFiles/CMakeTmp»
make: *** [Makefile:141: cmTC_be07a/fast] Ошибка 2


Source file was:
#include <pthread.h>

void* test_func(void* data)
{
  return data;
}

int main(void)
{
  pthread_t thread;
  pthread_create(&thread, NULL, test_func, NULL);
  pthread_detach(thread);
  pthread_cancel(thread);
  pthread_join(thread, NULL);
  pthread_atfork(NULL, NULL, NULL);
  pthread_exit(NULL);

  return 0;
}

